build/app/outputs/mapping/release/seeds.txt
com.example.modern_parker.MainActivity
com.example.modern_parker.MainActivity: MainActivity()
...
androidx.window.R
androidx.window.layout.HardwareFoldingFeature$Companion
androidx.window.core.Version$Companion
androidx.window.layout.SidecarCompat$TranslatingCallback
androidx.window.layout.DisplayCompatHelperApi28
androidx.window.embedding.EmbeddingInterfaceCompat
kotlinx.coroutines.internal.StackTraceRecoveryKt
kotlin.internal.jdk8.JDK8PlatformImplementations
androidx.savedstate.SavedStateRegistry$1
androidx.window.layout.ExtensionWindowLayoutInfoBackend$MulticastConsumer
androidx.window.layout.WindowMetrics
androidx.window.java.layout.WindowInfoTrackerCallbackAdapter$addListener$1$1
io.flutter.embedding.engine.plugins.lifecycle.HiddenLifecycleReference
androidx.window.embedding.ActivityStack
androidx.activity.ComponentActivity$2
kotlin.coroutines.jvm.internal.BaseContinuationImpl
androidx.window.embedding.MatcherUtils
androidx.window.layout.FoldingFeature$OcclusionType
androidx.window.embedding.SplitPlaceholderRule
android.support.v4.app.RemoteActionCompatParcelizer
androidx.window.layout.SidecarCompat$Companion
androidx.window.layout.SidecarAdapter
androidx.window.embedding.SplitRule$LayoutDir
androidx.window.layout.SidecarCompat$registerConfigurationChangeListener$configChangeObserver$1
android.support.v4.graphics.drawable.IconCompatParcelizer
io.flutter.plugin.editing.ImeSyncDeferringInsetsCallback$AnimationCallback
androidx.window.layout.WindowMetricsCalculatorCompat
androidx.window.layout.ExtensionsWindowLayoutInfoAdapter
androidx.window.embedding.EmbeddingBackend
androidx.window.embedding.ActivityFilter
androidx.lifecycle.SingleGeneratedAdapterObserver
androidx.window.core.ExperimentalWindowApi
io.flutter.plugin.editing.ImeSyncDeferringInsetsCallback
androidx.window.layout.ExtensionInterfaceCompat$ExtensionCallbackInterface
androidx.window.core.Version
androidx.window.layout.SidecarCompat$DistinctSidecarElementCallback
androidx.core.app.CoreComponentFactory
androidx.window.embedding.SplitPairFilter
androidx.window.embedding.SplitRuleParser
androidx.window.java.layout.WindowInfoTrackerCallbackAdapter$addListener$1$1$invokeSuspend$$inlined$collect$1
androidx.window.layout.WindowMetricsCalculator$Companion
androidx.window.R$id
androidx.window.embedding.ExtensionEmbeddingBackend
kotlin.internal.jdk7.JDK7PlatformImplementations
io.flutter.embedding.engine.renderer.SurfaceTextureWrapper
kotlinx.coroutines.CoroutineExceptionHandler
androidx.window.java.layout.WindowInfoTrackerCallbackAdapter
androidx.window.embedding.ExtensionEmbeddingBackend$SplitListenerWrapper
androidx.window.layout.SidecarWindowBackend
androidx.window.layout.HardwareFoldingFeature$Type$Companion
androidx.window.layout.DisplayFeature
androidx.window.core.Bounds
io.flutter.embedding.engine.FlutterOverlaySurface
kotlinx.coroutines.android.AndroidDispatcherFactory
androidx.window.layout.SidecarCompat$FirstAttachAdapter
androidx.window.layout.FoldingFeature$State$Companion
androidx.fragment.app.Fragment$2
io.flutter.plugins.GeneratedPluginRegistrant
androidx.window.embedding.EmptyEmbeddingComponent
androidx.window.layout.WindowLayoutInfo
androidx.window.layout.ExtensionWindowLayoutInfoBackend
androidx.window.layout.ActivityCompatHelperApi30
io.flutter.view.FlutterCallbackInformation
androidx.window.layout.WindowMetricsCalculator$Companion$decorator$1
androidx.window.layout.SidecarAdapter$Companion
androidx.lifecycle.ReflectiveGenericLifecycleObserver
io.flutter.embedding.engine.mutatorsstack.FlutterMutatorsStack
androidx.window.embedding.EmbeddingAdapter
androidx.window.embedding.EmbeddingCompat$Companion
androidx.window.layout.ExtensionInterfaceCompat
androidx.window.layout.ActivityCompatHelperApi24
androidx.window.layout.WindowBackend
io.flutter.embedding.engine.FlutterJNI
io.flutter.view.AccessibilityViewEmbedder
androidx.window.layout.WindowInfoTrackerImpl
androidx.window.layout.WindowInfoTrackerImpl$Companion
androidx.window.embedding.EmbeddingTranslatingCallback
androidx.annotation.Keep
androidx.window.layout.DisplayCompatHelperApi17