build/app/outputs/mapping/release/mapping.txt
# compiler: R8
# compiler_version: 3.1.66
# min_api: 16
# pg_map_id: 4d38000
# common_typos_disable
# {"id":"com.android.tools.r8.mapping","version":"1.0"}
...
kotlinx.coroutines.DebugStringsKt -> s0.q0:
    java.lang.String getClassSimpleName(java.lang.Object) -> a
    java.lang.String getHexAddress(java.lang.Object) -> b
    java.lang.String toDebugString(kotlin.coroutines.Continuation) -> c
kotlinx.coroutines.DefaultExecutor -> s0.r0:
    kotlinx.coroutines.DefaultExecutor INSTANCE -> j
    long KEEP_ALIVE_NANOS -> k
    java.lang.Thread getThread() -> A
    void acknowledgeShutdownIfNeeded() -> R
    java.lang.Thread createThreadSync() -> S
    boolean isShutdownRequested() -> T
    boolean notifyStartup() -> U
kotlinx.coroutines.DispatchedCoroutine -> s0.s0:
    java.util.concurrent.atomic.AtomicIntegerFieldUpdater _decision$FU -> g
    void afterResume(java.lang.Object) -> t0
    void afterCompletion(java.lang.Object) -> x
    boolean tryResume() -> y0
kotlinx.coroutines.DispatchedTask -> s0.t0:
    int resumeMode -> f
    void cancelCompletedResult$kotlinx_coroutines_core(java.lang.Object,java.lang.Throwable) -> a
    kotlin.coroutines.Continuation getDelegate$kotlinx_coroutines_core() -> b
    java.lang.Throwable getExceptionalResult$kotlinx_coroutines_core(java.lang.Object) -> c
    java.lang.Object getSuccessfulResult$kotlinx_coroutines_core(java.lang.Object) -> d
    void handleFatalException(java.lang.Throwable,java.lang.Throwable) -> e
    java.lang.Object takeState$kotlinx_coroutines_core() -> h
kotlinx.coroutines.DispatchedTaskKt -> s0.u0:
    void dispatch(kotlinx.coroutines.DispatchedTask,int) -> a
    boolean isCancellableMode(int) -> b
    boolean isReusableMode(int) -> c
    void resume(kotlinx.coroutines.DispatchedTask,kotlin.coroutines.Continuation,boolean) -> d
    void resumeUnconfined(kotlinx.coroutines.DispatchedTask) -> e
kotlinx.coroutines.DispatcherExecutor -> s0.v0:
    kotlinx.coroutines.CoroutineDispatcher dispatcher -> d
kotlinx.coroutines.Dispatchers -> s0.w0:
    kotlinx.coroutines.Dispatchers INSTANCE -> a
    kotlinx.coroutines.CoroutineDispatcher IO -> d
    kotlinx.coroutines.CoroutineDispatcher Unconfined -> c
    kotlinx.coroutines.CoroutineDispatcher Default -> b
    kotlinx.coroutines.CoroutineDispatcher getDefault() -> a
    kotlinx.coroutines.CoroutineDispatcher getIO() -> b
    kotlinx.coroutines.MainCoroutineDispatcher getMain() -> c
kotlinx.coroutines.DisposableHandle -> s0.x0:
    void dispose() -> b
kotlinx.coroutines.Empty -> s0.y0:
    boolean isActive -> d
    boolean isActive() -> a
    kotlinx.coroutines.NodeList getList() -> c
kotlinx.coroutines.EventLoop -> s0.z0:
    long useCount -> e
    boolean shared -> f
    kotlinx.coroutines.internal.ArrayQueue unconfinedQueue -> g
    void decrementUseCount(boolean) -> q
    long delta(boolean) -> r
    void dispatchUnconfined(kotlinx.coroutines.DispatchedTask) -> s
    long getNextTime() -> t
    void incrementUseCount(boolean) -> u
    void incrementUseCount$default(kotlinx.coroutines.EventLoop,boolean,int,java.lang.Object) -> v
    boolean isUnconfinedLoopActive() -> w
    boolean isUnconfinedQueueEmpty() -> x
    boolean processUnconfinedEvent() -> y
    void shutdown() -> z