build/app/outputs/mapping/release/usage.txt
com.example.modern_parker.BuildConfig
com.example.modern_parker.R$attr
com.example.modern_parker.R$color
com.example.modern_parker.R$dimen
com.example.modern_parker.R$drawable
com.example.modern_parker.R$id
com.example.modern_parker.R$integer
com.example.modern_parker.R$layout
com.example.modern_parker.R$mipmap
com.example.modern_parker.R$string
com.example.modern_parker.R$style
com.example.modern_parker.R$styleable
com.example.modern_parker.R
...
kotlinx.coroutines.channels.ConflatedBroadcastChannel$Subscriber
kotlinx.coroutines.channels.ConflatedBroadcastChannel$onSend$1
kotlinx.coroutines.channels.ConflatedBroadcastChannel
kotlinx.coroutines.channels.ConflatedChannel:
    protected final boolean isBufferAlwaysFull()
    protected final boolean isBufferFull()
    public boolean isEmpty()
    protected java.lang.Object offerSelectInternal(java.lang.Object,kotlinx.coroutines.selects.SelectInstance)
    protected void onCancelIdempotent(boolean)
    protected java.lang.Object pollSelectInternal(kotlinx.coroutines.selects.SelectInstance)
kotlinx.coroutines.channels.LazyActorCoroutine
kotlinx.coroutines.channels.LazyBroadcastCoroutine
kotlinx.coroutines.channels.LinkedListChannel:
    protected final boolean isBufferAlwaysFull()
    protected final boolean isBufferFull()
    protected java.lang.Object offerSelectInternal(java.lang.Object,kotlinx.coroutines.selects.SelectInstance)
    protected void onCancelIdempotentList-w-w6eGU(java.lang.Object,kotlinx.coroutines.channels.Closed)
kotlinx.coroutines.channels.ProduceKt$awaitClose$1
kotlinx.coroutines.channels.ProduceKt$awaitClose$2
kotlinx.coroutines.channels.ProduceKt$awaitClose$4$1
kotlinx.coroutines.channels.ProduceKt
kotlinx.coroutines.channels.ProducerCoroutine
kotlinx.coroutines.channels.ProducerScope$DefaultImpls
kotlinx.coroutines.channels.ProducerScope
kotlinx.coroutines.channels.Receive:
    public kotlin.jvm.functions.Function1 resumeOnCancellationFun(java.lang.Object)
kotlinx.coroutines.channels.ReceiveChannel$DefaultImpls
kotlinx.coroutines.channels.ReceiveChannel$onReceiveOrNull$1$registerSelectClause1$1
kotlinx.coroutines.channels.ReceiveChannel$onReceiveOrNull$1
kotlinx.coroutines.channels.ReceiveChannel$receiveOrNull$1
kotlinx.coroutines.channels.ReceiveChannel:
    public synthetic abstract void cancel()
    public abstract void cancel(java.util.concurrent.CancellationException)
    public synthetic abstract boolean cancel(java.lang.Throwable)
    public abstract kotlinx.coroutines.selects.SelectClause1 getOnReceive()
    public abstract kotlinx.coroutines.selects.SelectClause1 getOnReceiveCatching()
    public abstract kotlinx.coroutines.selects.SelectClause1 getOnReceiveOrNull()
    public abstract boolean isClosedForReceive()
    public abstract boolean isEmpty()
    public abstract java.lang.Object poll()
    public abstract java.lang.Object receive(kotlin.coroutines.Continuation)
    public abstract java.lang.Object receiveCatching-JP2dKIU(kotlin.coroutines.Continuation)
    public abstract java.lang.Object receiveOrNull(kotlin.coroutines.Continuation)
    public abstract java.lang.Object tryReceive-PtdJZtk()
kotlinx.coroutines.channels.RendezvousChannel:
    protected final boolean isBufferAlwaysFull()
    protected final boolean isBufferFull()
kotlinx.coroutines.channels.Send:
    public abstract void resumeSendClosed(kotlinx.coroutines.channels.Closed)
kotlinx.coroutines.channels.SendChannel$DefaultImpls
kotlinx.coroutines.channels.SendChannel:
    public abstract boolean close(java.lang.Throwable)
    public abstract kotlinx.coroutines.selects.SelectClause2 getOnSend()
    public abstract void invokeOnClose(kotlin.jvm.functions.Function1)
    public abstract boolean isClosedForSend()
    public abstract boolean offer(java.lang.Object)
    public abstract java.lang.Object send(java.lang.Object,kotlin.coroutines.Continuation)
kotlinx.coroutines.channels.SendElement
kotlinx.coroutines.channels.SendElementWithUndeliveredHandler
kotlinx.coroutines.channels.TickerChannelsKt$fixedDelayTicker$1
kotlinx.coroutines.channels.TickerChannelsKt$fixedPeriodTicker$1
kotlinx.coroutines.channels.TickerChannelsKt$ticker$3$WhenMappings
kotlinx.coroutines.channels.TickerChannelsKt$ticker$3
kotlinx.coroutines.channels.TickerChannelsKt
kotlinx.coroutines.channels.TickerMode
kotlinx.coroutines.debug.AgentPremain$DebugProbesTransformer
kotlinx.coroutines.debug.AgentPremain